c:\users\usuario\documents\globant\globantbootcamp\tetris\tetris\debug\tetris.pch
c:\users\usuario\documents\globant\globantbootcamp\tetris\tetris\debug\vc141.pdb
c:\users\usuario\documents\globant\globantbootcamp\tetris\tetris\debug\vc141.idb
c:\users\usuario\documents\globant\globantbootcamp\tetris\tetris\debug\stdafx.obj
c:\users\usuario\documents\globant\globantbootcamp\tetris\tetris\debug\square.obj
c:\users\usuario\documents\globant\globantbootcamp\tetris\tetris\debug\tetris.obj
c:\users\usuario\documents\globant\globantbootcamp\tetris\tetris\debug\tetroi.obj
c:\users\usuario\documents\globant\globantbootcamp\tetris\tetris\debug\tetrol.obj
c:\users\usuario\documents\globant\globantbootcamp\tetris\tetris\debug\tetrolmirror.obj
c:\users\usuario\documents\globant\globantbootcamp\tetris\tetris\debug\tetromino.obj
c:\users\usuario\documents\globant\globantbootcamp\tetris\tetris\debug\tetron.obj
c:\users\usuario\documents\globant\globantbootcamp\tetris\tetris\debug\tetronmirror.obj
c:\users\usuario\documents\globant\globantbootcamp\tetris\tetris\debug\tetrot.obj
c:\users\usuario\documents\globant\globantbootcamp\tetris\tetris\debug\sdlimplementation.obj
c:\users\usuario\documents\globant\globantbootcamp\tetris\tetris\debug\game.obj
c:\users\usuario\documents\globant\globantbootcamp\tetris\tetris\debug\board.obj
c:\users\usuario\documents\globant\globantbootcamp\tetris\debug\tetris.ilk
c:\users\usuario\documents\globant\globantbootcamp\tetris\debug\tetris.exe
c:\users\usuario\documents\globant\globantbootcamp\tetris\debug\tetris.pdb
c:\users\usuario\documents\globant\globantbootcamp\tetris\tetris\debug\tetris.tlog\cl.command.1.tlog
c:\users\usuario\documents\globant\globantbootcamp\tetris\tetris\debug\tetris.tlog\cl.read.1.tlog
c:\users\usuario\documents\globant\globantbootcamp\tetris\tetris\debug\tetris.tlog\cl.write.1.tlog
c:\users\usuario\documents\globant\globantbootcamp\tetris\tetris\debug\tetris.tlog\link.command.1.tlog
c:\users\usuario\documents\globant\globantbootcamp\tetris\tetris\debug\tetris.tlog\link.read.1.tlog
c:\users\usuario\documents\globant\globantbootcamp\tetris\tetris\debug\tetris.tlog\link.write.1.tlog
